#
# A fatal error has been detected by the Java Runtime Environment:
#
#  EXCEPTION_ACCESS_VIOLATION (0xc0000005) at pc=0x000000006b24f455, pid=11224, tid=0x0000000000000404
#
# JRE version: Java(TM) SE Runtime Environment (8.0_211-b12) (build 1.8.0_211-b12)
# Java VM: Java HotSpot(TM) 64-Bit Server VM (25.211-b12 mixed mode windows-amd64 compressed oops)
# Problematic frame:
# V  [jvm.dll+0xff455]
#
# Failed to write core dump. Minidumps are not enabled by default on client versions of Windows
#
# If you would like to submit a bug report, please visit:
#   http://bugreport.java.com/bugreport/crash.jsp
#

---------------  T H R E A D  ---------------

Current thread (0x0000000017867800):  VMThread [stack: 0x0000000018910000,0x0000000018a10000] [id=1028]

siginfo: ExceptionCode=0xc0000005, reading address 0x0000000000170021

Registers:
RAX=0x0000000000170019, RBX=0x0000000017498850, RCX=0x00000000000002cb, RDX=0x0000000000000003
RSP=0x0000000018a0eca0, RBP=0x000000000000008f, RSI=0x000000006b965dd0, RDI=0x0000000018a0ef80
R8 =0x0000000000000000, R9 =0x0000000017498850, R10=0x00000000000000ca, R11=0x0000000017498f5f
R12=0x0000000000000001, R13=0x0000000000000000, R14=0x00000000000003d8, R15=0x0000000018a0eda0
RIP=0x000000006b24f455, EFLAGS=0x0000000000010202

Top of Stack: (sp=0x0000000018a0eca0)
0x0000000018a0eca0:   0000000018a0ef80 0000000002d708da
0x0000000018a0ecb0:   0000000000000065 000000006b2501a9
0x0000000018a0ecc0:   000000004fffffff 0000000017498fb0
0x0000000018a0ecd0:   0000000046000088 0000000018a0ed40
0x0000000018a0ece0:   00001b648d6f653c 000000006b24fa52
0x0000000018a0ecf0:   0000000018a0edb0 0000000017775538
0x0000000018a0ed00:   0000000018a0edc0 0000000018a0ef80
0x0000000018a0ed10:   0000000018a0edf0 000000006b2526cb
0x0000000018a0ed20:   000000000000008f 000000000000008f
0x0000000018a0ed30:   0000000000000099 000000006b24f8d6
0x0000000018a0ed40:   000000000000008f 0000000018a0edf0
0x0000000018a0ed50:   0000000018a0edb0 0000000000000099
0x0000000018a0ed60:   0000000017498fb0 000000006b2531df
0x0000000018a0ed70:   0000000018a0ef80 0000000018a0edf0
0x0000000018a0ed80:   0000000017775538 0000000017498fb0
0x0000000018a0ed90:   0000000000000004 0000000000000000 

Instructions: (pc=0x000000006b24f455)
0x000000006b24f435:   8b d2 e8 54 7f ff ff 48 8b cb 8b d0 e8 5a 78 ff
0x000000006b24f445:   ff 48 8d 35 83 69 71 00 48 63 c8 48 8b 44 cb 50
0x000000006b24f455:   0f b6 48 08 8b 05 55 69 71 00 80 f9 4c 74 2b 80
0x000000006b24f465:   f9 5b 74 26 80 f9 4a 74 18 80 f9 44 74 13 48 8d 


Register to memory mapping:

RAX=0x0000000000170019 is an unknown value
RBX=0x0000000017498850 is pointing into metadata
RCX=0x00000000000002cb is an unknown value
RDX=0x0000000000000003 is an unknown value
RSP=0x0000000018a0eca0 is an unknown value
RBP=0x000000000000008f is an unknown value
RSI=0x000000006b965dd0 is an unknown value
RDI=0x0000000018a0ef80 is an unknown value
R8 =0x0000000000000000 is an unknown value
R9 =0x0000000017498850 is pointing into metadata
R10=0x00000000000000ca is an unknown value
R11=0x0000000017498f5f is pointing into metadata
R12=0x0000000000000001 is an unknown value
R13=0x0000000000000000 is an unknown value
R14=0x00000000000003d8 is an unknown value
R15=0x0000000018a0eda0 is an unknown value


Stack: [0x0000000018910000,0x0000000018a10000],  sp=0x0000000018a0eca0,  free space=1019k
Native frames: (J=compiled Java code, j=interpreted, Vv=VM code, C=native code)
V  [jvm.dll+0xff455]
V  [jvm.dll+0x1026cb]
V  [jvm.dll+0x1031df]
V  [jvm.dll+0x103a25]
V  [jvm.dll+0x103c72]
V  [jvm.dll+0xc511e]
V  [jvm.dll+0xc57a8]
V  [jvm.dll+0xc58da]
V  [jvm.dll+0xc5ad8]
V  [jvm.dll+0x10fada]
V  [jvm.dll+0x12d4bf]
V  [jvm.dll+0x1bf7cf]
V  [jvm.dll+0x24d5f7]
V  [jvm.dll+0x24c896]
V  [jvm.dll+0x24cd31]
V  [jvm.dll+0x24cf4e]
V  [jvm.dll+0x29fc6a]
C  [msvcr100.dll+0x21d9f]
C  [msvcr100.dll+0x21e3b]
C  [KERNEL32.DLL+0x17974]
C  [ntdll.dll+0x6a271]

VM_Operation (0x000000001934f650): GetOrSetLocal, mode: safepoint, requested by thread 0x00000000178ad000


---------------  P R O C E S S  ---------------

Java Threads: ( => current thread )
  0x000000001a08b800 JavaThread "ReaderThread" [_thread_in_native, id=16244, stack(0x000000001a650000,0x000000001a750000)]
  0x00000000196f6800 JavaThread "Service Thread" daemon [_thread_blocked, id=7796, stack(0x0000000019c50000,0x0000000019d50000)]
  0x0000000019670000 JavaThread "C1 CompilerThread2" daemon [_thread_blocked, id=18016, stack(0x0000000019b50000,0x0000000019c50000)]
  0x000000001966f000 JavaThread "C2 CompilerThread1" daemon [_thread_blocked, id=17092, stack(0x0000000019a50000,0x0000000019b50000)]
  0x0000000019668000 JavaThread "C2 CompilerThread0" daemon [_thread_blocked, id=9184, stack(0x0000000019950000,0x0000000019a50000)]
  0x00000000178bf000 JavaThread "JDWP Command Reader" daemon [_thread_in_native, id=13036, stack(0x0000000019450000,0x0000000019550000)]
  0x00000000178bd800 JavaThread "JDWP Event Helper Thread" daemon [_thread_blocked, id=8188, stack(0x0000000019350000,0x0000000019450000)]
  0x00000000178ad000 JavaThread "JDWP Transport Listener: dt_socket" daemon [_thread_blocked, id=16728, stack(0x0000000019250000,0x0000000019350000)]
  0x00000000178a0800 JavaThread "Attach Listener" daemon [_thread_blocked, id=17344, stack(0x0000000018e10000,0x0000000018f10000)]
  0x00000000178a9800 JavaThread "Signal Dispatcher" daemon [_thread_blocked, id=15500, stack(0x0000000018d10000,0x0000000018e10000)]
  0x000000001788a000 JavaThread "Finalizer" daemon [_thread_blocked, id=11424, stack(0x0000000018b10000,0x0000000018c10000)]
  0x0000000017869000 JavaThread "Reference Handler" daemon [_thread_blocked, id=13632, stack(0x0000000018a10000,0x0000000018b10000)]
  0x0000000002c74000 JavaThread "main" [_thread_blocked, id=1356, stack(0x0000000002a70000,0x0000000002b70000)]

Other Threads:
=>0x0000000017867800 VMThread [stack: 0x0000000018910000,0x0000000018a10000] [id=1028]
  0x0000000019775800 WatcherThread [stack: 0x0000000019d50000,0x0000000019e50000] [id=4056]

VM state:at safepoint (normal execution)

VM Mutex/Monitor currently owned by a thread:  ([mutex/lock_event])
[0x0000000002c71350] Threads_lock - owner thread: 0x0000000017867800

heap address: 0x0000000081c00000, size: 2020 MB, Compressed Oops mode: 32-bit
Narrow klass base: 0x0000000000000000, Narrow klass shift: 3
Compressed class space size: 1073741824 Address: 0x0000000100000000

Heap:
 PSYoungGen      total 38400K, used 15754K [0x00000000d5f00000, 0x00000000d8980000, 0x0000000100000000)
  eden space 33280K, 35% used [0x00000000d5f00000,0x00000000d6a89b90,0x00000000d7f80000)
  from space 5120K, 76% used [0x00000000d7f80000,0x00000000d8358d80,0x00000000d8480000)
  to   space 5120K, 0% used [0x00000000d8480000,0x00000000d8480000,0x00000000d8980000)
 ParOldGen       total 87552K, used 16K [0x0000000081c00000, 0x0000000087180000, 0x00000000d5f00000)
  object space 87552K, 0% used [0x0000000081c00000,0x0000000081c04000,0x0000000087180000)
 Metaspace       used 10259K, capacity 11076K, committed 11264K, reserved 1058816K
  class space    used 1252K, capacity 1419K, committed 1536K, reserved 1048576K

Card table byte_map: [0x0000000012130000,0x0000000012530000] byte_map_base: 0x0000000011d22000

Marking Bits: (ParMarkBitMap*) 0x000000006b975ce0
 Begin Bits: [0x0000000012be0000, 0x0000000014b70000)
 End Bits:   [0x0000000014b70000, 0x0000000016b00000)

Polling page: 0x0000000000d20000

CodeCache: size=245760Kb used=5049Kb max_used=5132Kb free=240710Kb
 bounds [0x0000000002d70000, 0x0000000003280000, 0x0000000011d70000]
 total_blobs=1541 nmethods=1201 adapters=261
 compilation: enabled

Compilation events (10 events):
Event: 1.517 Thread 0x0000000019668000 nmethod 1187 0x0000000003235510 code [0x00000000032356a0, 0x0000000003235d58]
Event: 1.517 Thread 0x0000000019668000 1193       4       org.eclipse.jdt.launching.internal.org.objectweb.asm.MethodWriter::visitMethodInsn (191 bytes)
Event: 1.523 Thread 0x0000000019670000 1199       3       java.nio.Buffer::position (43 bytes)
Event: 1.523 Thread 0x0000000019670000 nmethod 1199 0x0000000003234b10 code [0x0000000003234c80, 0x0000000003234f68]
Event: 1.549 Thread 0x0000000019668000 nmethod 1193 0x0000000003239190 code [0x0000000003239380, 0x000000000323ab40]
Event: 2.444 Thread 0x000000001966f000 nmethod 823 0x0000000003251c90 code [0x0000000003252ac0, 0x00000000032676d0]
Event: 238.245 Thread 0x0000000019670000 1200       3       java.lang.StringBuilder::<init> (18 bytes)
Event: 238.245 Thread 0x0000000019670000 nmethod 1200 0x00000000032342d0 code [0x0000000003234460, 0x0000000003234928]
Event: 282.647 Thread 0x0000000019670000 1201       3       org.eclipse.jdt.launching.internal.org.objectweb.asm.ClassReader::readElementValues (88 bytes)
Event: 282.655 Thread 0x0000000019670000 nmethod 1201 0x0000000003233310 code [0x0000000003233500, 0x0000000003233d38]

GC Heap History (2 events):
Event: 1.197 GC heap before
{Heap before GC invocations=1 (full 0):
 PSYoungGen      total 38400K, used 33280K [0x00000000d5f00000, 0x00000000d8980000, 0x0000000100000000)
  eden space 33280K, 100% used [0x00000000d5f00000,0x00000000d7f80000,0x00000000d7f80000)
  from space 5120K, 0% used [0x00000000d8480000,0x00000000d8480000,0x00000000d8980000)
  to   space 5120K, 0% used [0x00000000d7f80000,0x00000000d7f80000,0x00000000d8480000)
 ParOldGen       total 87552K, used 0K [0x0000000081c00000, 0x0000000087180000, 0x00000000d5f00000)
  object space 87552K, 0% used [0x0000000081c00000,0x0000000081c00000,0x0000000087180000)
 Metaspace       used 8826K, capacity 9268K, committed 9472K, reserved 1056768K
  class space    used 1038K, capacity 1172K, committed 1280K, reserved 1048576K
Event: 1.205 GC heap after
Heap after GC invocations=1 (full 0):
 PSYoungGen      total 38400K, used 3939K [0x00000000d5f00000, 0x00000000d8980000, 0x0000000100000000)
  eden space 33280K, 0% used [0x00000000d5f00000,0x00000000d5f00000,0x00000000d7f80000)
  from space 5120K, 76% used [0x00000000d7f80000,0x00000000d8358d80,0x00000000d8480000)
  to   space 5120K, 0% used [0x00000000d8480000,0x00000000d8480000,0x00000000d8980000)
 ParOldGen       total 87552K, used 16K [0x0000000081c00000, 0x0000000087180000, 0x00000000d5f00000)
  object space 87552K, 0% used [0x0000000081c00000,0x0000000081c04000,0x0000000087180000)
 Metaspace       used 8826K, capacity 9268K, committed 9472K, reserved 1056768K
  class space    used 1038K, capacity 1172K, committed 1280K, reserved 1048576K
}

Deoptimization events (6 events):
Event: 1.144 Thread 0x0000000002c74000 Uncommon trap: reason=unstable_if action=reinterpret pc=0x0000000003098050 method=java.util.HashMap.getNode(ILjava/lang/Object;)Ljava/util/HashMap$Node; @ 62
Event: 1.161 Thread 0x0000000002c74000 Uncommon trap: reason=unstable_if action=reinterpret pc=0x0000000002f22380 method=java.math.BigInteger.addOne([IIII)I @ 55
Event: 1.369 Thread 0x0000000002c74000 Uncommon trap: reason=unstable_if action=reinterpret pc=0x00000000031dbfb4 method=jdk.internal.org.objectweb.asm.Type.getArgumentsAndReturnSizes(Ljava/lang/String;)I @ 88
Event: 1.385 Thread 0x0000000002c74000 Uncommon trap: reason=unstable_if action=reinterpret pc=0x000000000311b558 method=java.lang.ref.SoftReference.get()Ljava/lang/Object; @ 17
Event: 1.411 Thread 0x0000000002c74000 Uncommon trap: reason=unstable_if action=reinterpret pc=0x000000000318a4ec method=sun.misc.MetaIndex.mayContain(Ljava/lang/String;)Z @ 38
Event: 1.413 Thread 0x0000000002c74000 Uncommon trap: reason=unstable_if action=reinterpret pc=0x00000000030d1018 method=org.eclipse.jdt.launching.internal.org.objectweb.asm.ByteVector.putInt(I)Lorg/eclipse/jdt/launching/internal/org/objectweb/asm/ByteVector; @ 13

Classes redefined (3 events):
Event: 209.036 Thread 0x0000000017867800 redefined class name=test.Test_ArrayQueue, count=1
Event: 282.654 Thread 0x0000000017867800 redefined class name=test.Test_ArrayQueue, count=2
Event: 298.347 Thread 0x0000000017867800 redefined class name=test.Test_ArrayQueue, count=3

Internal exceptions (10 events):
Event: 0.886 Thread 0x0000000002c74000 Exception <a 'java/lang/NoSuchMethodError': java.lang.Object.lambda$or$2(Ljava/util/function/Predicate;Ljava/lang/Object;)Z> (0x00000000d7504d18) thrown at [C:\re\workspace\8-2-build-windows-amd64-cygwin\jdk8u211\12973\hotspot\src\share\vm\interpreter\lin
Event: 0.948 Thread 0x0000000002c74000 Exception <a 'java/lang/NoSuchMethodError': java.lang.Object.lambda$accept$0(Lorg/junit/platform/engine/TestDescriptor$Visitor;Lorg/junit/platform/engine/TestDescriptor;)V> (0x00000000d77aba40) thrown at [C:\re\workspace\8-2-build-windows-amd64-cygwin\jdk
Event: 0.950 Thread 0x0000000002c74000 Exception <a 'java/lang/IncompatibleClassChangeError': Found class java.lang.Object, but interface was expected> (0x00000000d77b3170) thrown at [C:\re\workspace\8-2-build-windows-amd64-cygwin\jdk8u211\12973\hotspot\src\share\vm\interpreter\linkResolver.cp
Event: 1.035 Thread 0x0000000002c74000 Exception <a 'java/lang/IncompatibleClassChangeError': Found class java.lang.Object, but interface was expected> (0x00000000d7acd448) thrown at [C:\re\workspace\8-2-build-windows-amd64-cygwin\jdk8u211\12973\hotspot\src\share\vm\interpreter\linkResolver.cp
Event: 1.257 Thread 0x0000000002c74000 Exception <a 'java/lang/NoSuchMethodError': java.lang.Object.lambda$andThen$1(Ljava/util/function/Function;Ljava/lang/Object;)Ljava/lang/Object;> (0x00000000d614f738) thrown at [C:\re\workspace\8-2-build-windows-amd64-cygwin\jdk8u211\12973\hotspot\src\sha
Event: 1.270 Thread 0x0000000002c74000 Exception <a 'java/lang/NoSuchMethodError': java.lang.Object.lambda$isEqual$3(Ljava/lang/Object;Ljava/lang/Object;)Z> (0x00000000d619a138) thrown at [C:\re\workspace\8-2-build-windows-amd64-cygwin\jdk8u211\12973\hotspot\src\share\vm\interpreter\linkResolv
Event: 1.298 Thread 0x0000000002c74000 Exception <a 'java/lang/NoSuchMethodError': java.lang.Object.containsTests(Lorg/junit/platform/engine/TestDescriptor;)Z> (0x00000000d62530f8) thrown at [C:\re\workspace\8-2-build-windows-amd64-cygwin\jdk8u211\12973\hotspot\src\share\vm\interpreter\linkRes
Event: 1.340 Thread 0x0000000002c74000 Exception <a 'java/lang/IncompatibleClassChangeError': Found class java.lang.Object, but interface was expected> (0x00000000d635b198) thrown at [C:\re\workspace\8-2-build-windows-amd64-cygwin\jdk8u211\12973\hotspot\src\share\vm\interpreter\linkResolver.cp
Event: 1.367 Thread 0x0000000002c74000 Exception <a 'java/lang/NoSuchMethodError': java.lang.Object.lambda$comparing$77a9974f$1(Ljava/util/function/Function;Ljava/lang/Object;Ljava/lang/Object;)I> (0x00000000d646b1c8) thrown at [C:\re\workspace\8-2-build-windows-amd64-cygwin\jdk8u211\12973\hot
Event: 1.371 Thread 0x0000000002c74000 Exception <a 'java/lang/NoSuchMethodError': java.lang.Object.lambda$thenComparing$36697e65$1(Ljava/util/Comparator;Ljava/lang/Object;Ljava/lang/Object;)I> (0x00000000d6489ef0) thrown at [C:\re\workspace\8-2-build-windows-amd64-cygwin\jdk8u211\12973\hotspo

Events (10 events):
Event: 300.771 Executing VM operation: GetOrSetLocal done
Event: 300.937 Executing VM operation: GetOwnedMonitorInfo
Event: 300.938 Executing VM operation: GetOwnedMonitorInfo done
Event: 300.938 Executing VM operation: GetCurrentContendedMonitor
Event: 300.938 Executing VM operation: GetCurrentContendedMonitor done
Event: 300.942 Executing VM operation: GetOwnedMonitorInfo
Event: 300.942 Executing VM operation: GetOwnedMonitorInfo done
Event: 300.943 Executing VM operation: GetCurrentContendedMonitor
Event: 300.943 Executing VM operation: GetCurrentContendedMonitor done
Event: 300.996 Executing VM operation: GetOrSetLocal


Dynamic libraries:
0x00007ff70b1b0000 - 0x00007ff70b1e7000 	C:\Program Files\Java\jre1.8.0_211\bin\javaw.exe
0x00007ffe89a30000 - 0x00007ffe89c1d000 	C:\WINDOWS\SYSTEM32\ntdll.dll
0x00007ffe87770000 - 0x00007ffe87823000 	C:\WINDOWS\System32\KERNEL32.DLL
0x00007ffe85f80000 - 0x00007ffe86213000 	C:\WINDOWS\System32\KERNELBASE.dll
0x00007ffe89470000 - 0x00007ffe89513000 	C:\WINDOWS\System32\ADVAPI32.dll
0x00007ffe893d0000 - 0x00007ffe8946e000 	C:\WINDOWS\System32\msvcrt.dll
0x00007ffe87320000 - 0x00007ffe873be000 	C:\WINDOWS\System32\sechost.dll
0x00007ffe88d20000 - 0x00007ffe88e42000 	C:\WINDOWS\System32\RPCRT4.dll
0x00007ffe89850000 - 0x00007ffe899e7000 	C:\WINDOWS\System32\USER32.dll
0x00007ffe85b60000 - 0x00007ffe85b80000 	C:\WINDOWS\System32\win32u.dll
0x00007ffe890a0000 - 0x00007ffe890c9000 	C:\WINDOWS\System32\GDI32.dll
0x00007ffe86a40000 - 0x00007ffe86bda000 	C:\WINDOWS\System32\gdi32full.dll
0x00007ffe869a0000 - 0x00007ffe86a40000 	C:\WINDOWS\System32\msvcp_win.dll
0x00007ffe85b80000 - 0x00007ffe85c7a000 	C:\WINDOWS\System32\ucrtbase.dll
0x00007ffe6ed30000 - 0x00007ffe6efa9000 	C:\WINDOWS\WinSxS\amd64_microsoft.windows.common-controls_6595b64144ccf1df_6.0.17763.503_none_05b23ef40721f4ae\COMCTL32.dll
0x00007ffe873d0000 - 0x00007ffe876fc000 	C:\WINDOWS\System32\combase.dll
0x00007ffe86be0000 - 0x00007ffe86c5e000 	C:\WINDOWS\System32\bcryptPrimitives.dll
0x00007ffe89000000 - 0x00007ffe8902e000 	C:\WINDOWS\System32\IMM32.DLL
0x000000006af90000 - 0x000000006b062000 	C:\Program Files\Java\jre1.8.0_211\bin\msvcr100.dll
0x000000006b150000 - 0x000000006b9f5000 	C:\Program Files\Java\jre1.8.0_211\bin\server\jvm.dll
0x00007ffe87760000 - 0x00007ffe87768000 	C:\WINDOWS\System32\PSAPI.DLL
0x00007ffe83bc0000 - 0x00007ffe83be4000 	C:\WINDOWS\SYSTEM32\WINMM.dll
0x00007ffe7ab30000 - 0x00007ffe7ab3a000 	C:\WINDOWS\SYSTEM32\VERSION.dll
0x00007ffe78da0000 - 0x00007ffe78da9000 	C:\WINDOWS\SYSTEM32\WSOCK32.dll
0x00007ffe89030000 - 0x00007ffe8909d000 	C:\WINDOWS\System32\WS2_32.dll
0x00007ffe83b90000 - 0x00007ffe83bbd000 	C:\WINDOWS\SYSTEM32\winmmbase.dll
0x00007ffe85c80000 - 0x00007ffe85cca000 	C:\WINDOWS\System32\cfgmgr32.dll
0x00007ffe816f0000 - 0x00007ffe816ff000 	C:\Program Files\Java\jre1.8.0_211\bin\verify.dll
0x00007ffe71d20000 - 0x00007ffe71d49000 	C:\Program Files\Java\jre1.8.0_211\bin\java.dll
0x00007ffe73680000 - 0x00007ffe736b5000 	C:\Program Files\Java\jre1.8.0_211\bin\jdwp.dll
0x00007ffe81400000 - 0x00007ffe81408000 	C:\Program Files\Java\jre1.8.0_211\bin\npt.dll
0x00007ffe78ab0000 - 0x00007ffe78ad3000 	C:\Program Files\Java\jre1.8.0_211\bin\instrument.dll
0x00007ffe73530000 - 0x00007ffe73546000 	C:\Program Files\Java\jre1.8.0_211\bin\zip.dll
0x00007ffe87830000 - 0x00007ffe88d20000 	C:\WINDOWS\System32\SHELL32.dll
0x00007ffe897a0000 - 0x00007ffe89848000 	C:\WINDOWS\System32\shcore.dll
0x00007ffe86220000 - 0x00007ffe8696a000 	C:\WINDOWS\System32\windows.storage.dll
0x00007ffe85ab0000 - 0x00007ffe85ad4000 	C:\WINDOWS\System32\profapi.dll
0x00007ffe85a30000 - 0x00007ffe85a8d000 	C:\WINDOWS\System32\powrprof.dll
0x00007ffe890d0000 - 0x00007ffe89122000 	C:\WINDOWS\System32\shlwapi.dll
0x00007ffe85ae0000 - 0x00007ffe85af1000 	C:\WINDOWS\System32\kernel.appcore.dll
0x00007ffe85eb0000 - 0x00007ffe85ec7000 	C:\WINDOWS\System32\cryptsp.dll
0x00007ffe7e2e0000 - 0x00007ffe7e2e9000 	C:\Program Files\Java\jre1.8.0_211\bin\dt_socket.dll
0x00007ffe63540000 - 0x00007ffe63556000 	C:\WINDOWS\system32\napinsp.dll
0x00007ffe63520000 - 0x00007ffe6353a000 	C:\WINDOWS\system32\pnrpnsp.dll
0x00007ffe85250000 - 0x00007ffe852b7000 	C:\WINDOWS\System32\mswsock.dll
0x00007ffe84ff0000 - 0x00007ffe850b6000 	C:\WINDOWS\SYSTEM32\DNSAPI.dll
0x00007ffe899f0000 - 0x00007ffe899f8000 	C:\WINDOWS\System32\NSI.dll
0x00007ffe84fb0000 - 0x00007ffe84fed000 	C:\WINDOWS\SYSTEM32\IPHLPAPI.DLL
0x00007ffe63510000 - 0x00007ffe6351e000 	C:\WINDOWS\System32\winrnr.dll
0x00007ffe822c0000 - 0x00007ffe822db000 	C:\WINDOWS\system32\NLAapi.dll
0x00007ffe7b5d0000 - 0x00007ffe7b5e5000 	C:\WINDOWS\system32\wshbth.dll
0x00007ffe81580000 - 0x00007ffe815f9000 	C:\WINDOWS\System32\fwpuclnt.dll
0x00007ffe86970000 - 0x00007ffe86996000 	C:\WINDOWS\System32\bcrypt.dll
0x00007ffe77ef0000 - 0x00007ffe77efa000 	C:\Windows\System32\rasadhlp.dll
0x00007ffe71c70000 - 0x00007ffe71c8a000 	C:\Program Files\Java\jre1.8.0_211\bin\net.dll
0x00007ffe72ae0000 - 0x00007ffe72cb6000 	C:\WINDOWS\SYSTEM32\urlmon.dll
0x00007ffe73b50000 - 0x00007ffe73df8000 	C:\WINDOWS\SYSTEM32\iertutil.dll
0x00007ffe85420000 - 0x00007ffe8542c000 	C:\WINDOWS\SYSTEM32\CRYPTBASE.DLL
0x00007ffe7a700000 - 0x00007ffe7a8ed000 	C:\WINDOWS\SYSTEM32\dbghelp.dll

VM Arguments:
jvm_args: -agentlib:jdwp=transport=dt_socket,suspend=y,address=localhost:63503 -ea -javaagent:C:\Users\tdoyle\eclipse2\eclipse\configuration\org.eclipse.osgi\254\0\.cp\lib\javaagent-shaded.jar -Dfile.encoding=Cp1252 
java_command: org.eclipse.jdt.internal.junit.runner.RemoteTestRunner -version 3 -port 63502 -testLoaderClass org.eclipse.jdt.internal.junit5.runner.JUnit5TestLoader -loaderpluginname org.eclipse.jdt.junit5.runtime -test test.Test_ArrayQueue:testEnqueueAndDequeue -uniqueId [engine:junit-vintage]/[runner:test.Test_ArrayQueue]/[test:testEnqueueAndDequeue(test.Test_ArrayQueue)]
java_class_path (initial): C:\Users\tdoyle\dev\3naWorkspace\BuildYourOwnDataStructure\bin;C:\Users\tdoyle\eclipse2\eclipse\plugins\org.junit.jupiter.api_5.4.0.v20190212-2109.jar;C:\Users\tdoyle\eclipse2\eclipse\plugins\org.junit.jupiter.engine_5.4.0.v20190212-2109.jar;C:\Users\tdoyle\eclipse2\eclipse\plugins\org.junit.jupiter.migrationsupport_5.4.0.v20190212-2109.jar;C:\Users\tdoyle\eclipse2\eclipse\plugins\org.junit.jupiter.params_5.4.0.v20190212-2109.jar;C:\Users\tdoyle\eclipse2\eclipse\plugins\org.junit.platform.commons_1.4.0.v20190212-2109.jar;C:\Users\tdoyle\eclipse2\eclipse\plugins\org.junit.platform.engine_1.4.0.v20190212-2109.jar;C:\Users\tdoyle\eclipse2\eclipse\plugins\org.junit.platform.launcher_1.4.0.v20190212-2109.jar;C:\Users\tdoyle\eclipse2\eclipse\plugins\org.junit.platform.runner_1.4.0.v20190212-2109.jar;C:\Users\tdoyle\eclipse2\eclipse\plugins\org.junit.platform.suite.api_1.4.0.v20190212-2109.jar;C:\Users\tdoyle\eclipse2\eclipse\plugins\org.junit.vintage.engine_5.4.0.v20190212-2109.jar;C:\Users\tdoyle\eclipse2\eclipse\plugins\org.opentest4j_1.1.1.v20190212-2109.jar;C:\Users\tdoyle\eclipse2\eclipse\plugins\org.apiguardian_1.0.0.v20190212-2109.jar;C:\Users\tdoyle\eclipse2\eclipse\plugins\org.junit_4.12.0.v201504281640\junit.jar;C:\Users\tdoyle\eclipse2\eclipse\plugins\org.hamcrest.core_1.3.0.v20180420-1519.jar;C:\Users\tdoyle\eclipse2\eclipse\configuration\org.eclipse.osgi\253\0\.cp;C:\Users\tdoyle\eclipse2\eclipse\configuration\org.eclipse.osgi\251\0\.cp;C:\Users\tdoyle\eclipse2\eclipse\configuration\org.eclipse.osgi\254\0\.cp\lib\javaagent-shaded.jar
Launcher Type: SUN_STANDARD

Environment Variables:
JAVA_HOME=C:\Program Files\Java\jdk1.8.0_151
PATH=C:/Program Files/Java/jre1.8.0_211/bin/server;C:/Program Files/Java/jre1.8.0_211/bin;C:/Program Files/Java/jre1.8.0_211/lib/amd64;C:\Program Files (x86)\Common Files\Oracle\Java\javapath;C:\ProgramData\Oracle\Java\javapath;C:\Program Files (x86)\Intel\iCLS Client\;C:\Program Files\Intel\iCLS Client\;C:\WINDOWS\system32;C:\WINDOWS;C:\WINDOWS\System32\Wbem;C:\WINDOWS\System32\WindowsPowerShell\v1.0\;C:\Program Files (x86)\Intel\Intel(R) Management Engine Components\DAL;C:\Program Files\Intel\Intel(R) Management Engine Components\DAL;C:\Program Files (x86)\Intel\Intel(R) Management Engine Components\IPT;C:\Program Files\Intel\Intel(R) Management Engine Components\IPT;C:\Program Files\TortoiseHg\;C:\WINDOWS\System32\OpenSSH\;C:\Program Files\PuTTY\;C:\Program Files\nodejs\;C:\Program Files\Intel\WiFi\bin\;C:\Program Files\Common Files\Intel\WirelessCommon\;C:\Users\tdoyle\AppData\Local\Microsoft\WindowsApps;C:\Program Files\Java\jdk1.8.0_151\bin;C:\Users\tdoyle\dev\applications\apache-ant-1.10.1\bin;C:\Program Files\MySQL\MySQL Server 5.7\bin;C:\Users\tdoyle\dev\ggts-bundle\grails-2.4.4\bin;C:\Users\tdoyle\dev\olympusTestResults;C:\Users\tdoyle\AppData\Local\Programs\Microsoft VS Code\bin;C:\Users\tdoyle\AppData\Roaming\npm;C:\Users\tdoyle\AppData\Local\Programs\Git\cmd;C:\Users\tdoyle\eclipse2\eclipse;
USERNAME=tdoyle
OS=Windows_NT
PROCESSOR_IDENTIFIER=Intel64 Family 6 Model 78 Stepping 3, GenuineIntel



---------------  S Y S T E M  ---------------

OS: Windows 10.0 , 64 bit Build 17763 (10.0.17763.475)

CPU:total 4 (initial active 4) (2 cores per cpu, 2 threads per core) family 6 model 78 stepping 3, cmov, cx8, fxsr, mmx, sse, sse2, sse3, ssse3, sse4.1, sse4.2, popcnt, avx, avx2, aes, clmul, erms, rtm, 3dnowpref, lzcnt, ht, tsc, tscinvbit, bmi1, bmi2, adx

Memory: 4k page, physical 8268760k(2004632k free), swap 12725208k(2788180k free)

vm_info: Java HotSpot(TM) 64-Bit Server VM (25.211-b12) for windows-amd64 JRE (1.8.0_211-b12), built on Apr  1 2019 20:53:26 by "java_re" with MS VC++ 10.0 (VS2010)

time: Mon Jun 10 16:18:04 2019
timezone: GMT Daylight Time
elapsed time: 301 seconds (0d 0h 5m 1s)

